<?xml version="1.0" encoding="UTF-8"?>
<!-- Generated by org.testng.reporters.JUnitXMLReporter -->
<testsuite hostname="DESKTOP-9J1KF08" ignored="0" name="Chrome" tests="4" failures="2" timestamp="14 Aug 2020 06:21:01 GMT" time="41.542" errors="0">
  <testcase name="loginTest" time="10.432" classname="com.qa.Testcases.SubEditorLoginTest"/>
  <testcase name="loginTest" time="10.756" classname="com.qa.Testcases.SubEditorLoginTest">
    <failure type="java.lang.NullPointerException">
      <![CDATA[java.lang.NullPointerException
at java.util.regex.Matcher.getTextLength(Matcher.java:1283)
at java.util.regex.Matcher.reset(Matcher.java:309)
at java.util.regex.Matcher.<init>(Matcher.java:229)
at java.util.regex.Pattern.matcher(Pattern.java:1093)
at com.aventstack.extentreports.utils.ExceptionUtil.getExceptionHeadline(ExceptionUtil.java:25)
at com.aventstack.extentreports.ExtentTest.log(ExtentTest.java:399)
at com.aventstack.extentreports.ExtentTest.pass(ExtentTest.java:558)
at com.qa.util.ExtentReportListener.onTestSuccess(ExtentReportListener.java:93)
... Removed 22 stack frames]]>
    </failure>
  </testcase> <!-- loginTest -->
  <testcase name="HomePageTitle" time="5.036" classname="com.qa.Testcases.SubEditorLoginTest"/>
  <testcase name="HomePageTitle" time="5.323" classname="com.qa.Testcases.SubEditorLoginTest">
    <failure type="java.lang.NullPointerException">
      <![CDATA[java.lang.NullPointerException
at java.util.regex.Matcher.getTextLength(Matcher.java:1283)
at java.util.regex.Matcher.reset(Matcher.java:309)
at java.util.regex.Matcher.<init>(Matcher.java:229)
at java.util.regex.Pattern.matcher(Pattern.java:1093)
at com.aventstack.extentreports.utils.ExceptionUtil.getExceptionHeadline(ExceptionUtil.java:25)
at com.aventstack.extentreports.ExtentTest.log(ExtentTest.java:399)
at com.aventstack.extentreports.ExtentTest.pass(ExtentTest.java:558)
at com.qa.util.ExtentReportListener.onTestSuccess(ExtentReportListener.java:93)
... Removed 22 stack frames]]>
    </failure>
  </testcase> <!-- HomePageTitle -->
</testsuite> <!-- Chrome -->
