<?xml version="1.0" encoding="UTF-8"?>
<!-- Generated by org.testng.reporters.JUnitXMLReporter -->
<testsuite hostname="DESKTOP-9J1KF08" ignored="0" name="Test" tests="2" failures="1" timestamp="19 Aug 2020 07:52:28 GMT" time="27.694" errors="0">
  <testcase name="loginTest" time="10.516" classname="com.qa.Testcases.SubEditorLoginTest"/>
  <testcase name="HomePageTitle" time="5.019" classname="com.qa.Testcases.SubEditorLoginTest">
    <failure type="java.lang.AssertionError" message="expected [Newstuckw] but found [Newstuck]">
      <![CDATA[java.lang.AssertionError: expected [Newstuckw] but found [Newstuck]
at com.qa.Testcases.SubEditorLoginTest.HomePageTitle(SubEditorLoginTest.java:42)
... Removed 31 stack frames]]>
    </failure>
  </testcase> <!-- HomePageTitle -->
</testsuite> <!-- Test -->
